[14:30:49] [main/INFO]: Loading Minecraft 1.21.1 with Fabric Loader 0.16.3
[14:30:49] [main/INFO]: Loading 93 mods:
	- fabric-api 0.103.0+1.21.1
	   |-- fabric-api-base 0.4.42+6573ed8c19
	   |-- fabric-api-lookup-api-v1 1.6.68+b559734419
	   |-- fabric-biome-api-v1 13.0.29+5bd9f1bc19
	   |-- fabric-block-api-v1 1.0.22+0af3f5a719
	   |-- fabric-block-view-api-v2 1.0.10+6573ed8c19
	   |-- fabric-blockrenderlayer-v1 1.1.52+0af3f5a719
	   |-- fabric-client-tags-api-v1 1.1.15+6573ed8c19
	   |-- fabric-command-api-v1 1.2.49+f71b366f19
	   |-- fabric-command-api-v2 2.2.28+6ced4dd919
	   |-- fabric-commands-v0 0.2.66+df3654b319
	   |-- fabric-content-registries-v0 8.0.16+b559734419
	   |-- fabric-convention-tags-v1 2.0.21+7f945d5b19
	   |-- fabric-convention-tags-v2 2.6.1+9b16164119
	   |-- fabric-crash-report-info-v1 0.2.29+0af3f5a719
	   |-- fabric-data-attachment-api-v1 1.1.28+1daea21519
	   |-- fabric-data-generation-api-v1 20.2.18+16c4ae2519
	   |-- fabric-dimensions-v1 4.0.0+6fc22b9919
	   |-- fabric-entity-events-v1 1.7.0+2122d82819
	   |-- fabric-events-interaction-v0 0.7.12+ba9dae0619
	   |-- fabric-game-rule-api-v1 1.0.53+6ced4dd919
	   |-- fabric-item-api-v1 11.0.0+afdfc92119
	   |-- fabric-item-group-api-v1 4.1.5+3fc0e55219
	   |-- fabric-key-binding-api-v1 1.0.47+0af3f5a719
	   |-- fabric-keybindings-v0 0.2.45+df3654b319
	   |-- fabric-lifecycle-events-v1 2.3.12+6c1df36019
	   |-- fabric-loot-api-v2 3.0.14+3f89f5a519
	   |-- fabric-loot-api-v3 1.0.2+3f89f5a519
	   |-- fabric-message-api-v1 6.0.13+6573ed8c19
	   |-- fabric-model-loading-api-v1 2.0.0+fe474d6b19
	   |-- fabric-networking-api-v1 4.2.2+60c3209b19
	   |-- fabric-object-builder-api-v1 15.2.0+40875a9319
	   |-- fabric-particles-v1 4.0.2+6573ed8c19
	   |-- fabric-recipe-api-v1 5.0.12+6508971219
	   |-- fabric-registry-sync-v0 5.1.2+60c3209b19
	   |-- fabric-renderer-api-v1 3.4.0+c705a49c19
	   |-- fabric-renderer-indigo 1.7.0+c705a49c19
	   |-- fabric-renderer-registries-v1 3.2.68+df3654b319
	   |-- fabric-rendering-data-attachment-v1 0.3.48+73761d2e19
	   |-- fabric-rendering-fluids-v1 3.1.6+1daea21519
	   |-- fabric-rendering-v0 1.1.71+df3654b319
	   |-- fabric-rendering-v1 5.0.5+df16efd019
	   |-- fabric-resource-conditions-api-v1 4.3.0+8dc279b119
	   |-- fabric-resource-loader-v0 1.3.0+5659912919
	   |-- fabric-screen-api-v1 2.0.25+8b68f1c719
	   |-- fabric-screen-handler-api-v1 1.3.86+b559734419
	   |-- fabric-sound-api-v1 1.0.23+6573ed8c19
	   |-- fabric-transfer-api-v1 5.1.17+1db1cc1f19
	   \-- fabric-transitive-access-wideners-v1 6.1.0+1daea21519
	- fabricloader 0.16.3
	   \-- mixinextras 0.4.1
	- geyser-fabric 2.4.2-SNAPSHOT
	   |-- cloud 2.0.0-beta.7
	   |    |-- fabric-permissions-api-v0 0.3.1
	   |    |-- io_leangen_geantyref_geantyref 1.3.15
	   |    |-- org_incendo_cloud-brigadier 2.0.0-beta.8
	   |    |-- org_incendo_cloud-core 2.0.0-rc.2
	   |    |-- org_incendo_cloud-minecraft-modded-common-fabric-repack_ 2.0.0-beta.7
	   |    \-- org_incendo_cloud-services 2.0.0-rc.2
	   |-- com_fasterxml_jackson_core_jackson-annotations 2.17.0
	   |-- com_fasterxml_jackson_core_jackson-core 2.17.0
	   |-- com_fasterxml_jackson_core_jackson-databind 2.17.0
	   |-- com_fasterxml_jackson_dataformat_jackson-dataformat-yaml 2.17.0
	   |-- com_google_errorprone_error_prone_annotations 2.27.0
	   |-- com_nukkitx_natives 1.0.3
	   |-- io_airlift_aircompressor 0.25
	   |-- io_jsonwebtoken_jjwt-api 0.12.6
	   |-- io_jsonwebtoken_jjwt-gson 0.12.6
	   |-- io_jsonwebtoken_jjwt-impl 0.12.6
	   |-- io_netty_netty-codec-dns 4.1.107
	   |-- io_netty_netty-codec-haproxy 4.1.107
	   |-- io_netty_netty-resolver-dns-classes-macos 4.1.107
	   |-- net_bytebuddy_byte-buddy 1.14.9
	   |-- net_jodah_expiringmap 0.5.10
	   |-- net_kyori_adventure-api 4.15.0
	   |-- net_kyori_adventure-key 4.15.0
	   |-- net_kyori_adventure-nbt 4.15.0
	   |-- net_kyori_adventure-text-serializer-gson 4.15.0
	   |-- net_kyori_adventure-text-serializer-json 4.15.0
	   |-- net_kyori_adventure-text-serializer-json-legacy-impl 4.15.0
	   |-- net_kyori_adventure-text-serializer-legacy 4.15.0
	   |-- net_kyori_adventure-text-serializer-plain 4.15.0
	   |-- net_kyori_examination-api 1.3.0
	   |-- net_kyori_examination-string 1.3.0
	   |-- net_kyori_option 1.0.0
	   |-- net_lenni0451_commons_httpclient 1.5.1
	   |-- net_raphimc_minecraftauth 4.1.1-20240806.235051-7
	   |-- org_bitbucket_b_c_jose4j 0.9.6
	   |-- org_cloudburstmc_math_api 2.0
	   |-- org_cloudburstmc_math_immutable 2.0
	   |-- org_cloudburstmc_nbt 3.0.3
	   |-- org_geysermc_api_base-api 1.0.1
	   |-- org_geysermc_cumulus_cumulus 1.1.2
	   |-- org_geysermc_event_events 1.1-SNAPSHOT
	   |-- org_java-websocket_java-websocket 1.5.1
	   |-- org_lanternpowered_lmbda 2.0.0
	   \-- org_yaml_snakeyaml 2.2
	- image2map 0.7.1+1.21
	   |-- map-canvas-api 0.4.1+1.21
	   \-- sgui 1.6.0+1.21
	- java 21
	- krypton 0.2.8
	   \-- com_velocitypowered_velocity-native 3.3.0-SNAPSHOT
	- lithium 0.13.0
	- minecraft 1.21.1
[14:30:49] [main/INFO]: SpongePowered MIXIN Subsystem Version=0.8.7 Source=file:/C:/Users/Administrator/Downloads/server/libraries/net/fabricmc/sponge-mixin/0.15.2+mixin.0.8.7/sponge-mixin-0.15.2+mixin.0.8.7.jar Service=Knot/Fabric Env=SERVER
[14:30:50] [main/INFO]: Compatibility level set to JAVA_17
[14:30:50] [main/INFO]: Compatibility level set to JAVA_21
[14:30:50] [main/INFO]: Loaded configuration file for Lithium: 144 options available, 0 override(s) found
[14:30:51] [main/INFO]: Initializing MixinExtras via com.llamalad7.mixinextras.service.MixinExtrasServiceImpl(version=0.4.1).
[14:31:03] [main/INFO]: Loading extensions...
[14:31:03] [main/INFO]: Loaded 0 extension(s)
[14:31:03] [main/INFO]: Compression will use Java, encryption will use Java
[14:31:03] [main/INFO]: Krypton is now accelerating your Minecraft server's networking stack 🚀
[14:31:03] [main/INFO]: Environment: Environment[sessionHost=https://sessionserver.mojang.com, servicesHost=https://api.minecraftservices.com, name=PROD]
[14:31:05] [main/INFO]: Loaded 1290 recipes
[14:31:06] [main/INFO]: Loaded 1399 advancements
[14:31:06] [main/INFO]: Applied 0 biome modifications to 0 of 64 new biomes in 2.170 ms
[14:31:07] [Server thread/INFO]: Starting minecraft server version 1.21.1
[14:31:07] [Server thread/INFO]: Loading properties
[14:31:07] [Server thread/INFO]: Default game type: SURVIVAL
[14:31:07] [Server thread/INFO]: Generating keypair
[14:31:07] [Server console handler/ERROR]: Exception handling console input
java.io.IOException: The handle is invalid
	at java.base/java.io.FileInputStream.readBytes(Native Method) ~[?:?]
	at java.base/java.io.FileInputStream.read(Unknown Source) ~[?:?]
	at java.base/java.io.BufferedInputStream.read1(Unknown Source) ~[?:?]
	at java.base/java.io.BufferedInputStream.implRead(Unknown Source) ~[?:?]
	at java.base/java.io.BufferedInputStream.read(Unknown Source) ~[?:?]
	at java.base/sun.nio.cs.StreamDecoder.readBytes(Unknown Source) ~[?:?]
	at java.base/sun.nio.cs.StreamDecoder.implRead(Unknown Source) ~[?:?]
	at java.base/sun.nio.cs.StreamDecoder.lockedRead(Unknown Source) ~[?:?]
	at java.base/sun.nio.cs.StreamDecoder.read(Unknown Source) ~[?:?]
	at java.base/java.io.InputStreamReader.read(Unknown Source) ~[?:?]
	at java.base/java.io.BufferedReader.fill(Unknown Source) ~[?:?]
	at java.base/java.io.BufferedReader.implReadLine(Unknown Source) ~[?:?]
	at java.base/java.io.BufferedReader.readLine(Unknown Source) ~[?:?]
	at java.base/java.io.BufferedReader.readLine(Unknown Source) ~[?:?]
	at net.minecraft.class_3176$1.run(class_3176.java:103) [server-intermediary.jar:?]
[14:31:07] [Server thread/INFO]: Starting Minecraft server on *:25565
[14:31:07] [Server thread/INFO]: Using default channel type
[14:31:07] [Server thread/WARN]: **** SERVER IS RUNNING IN OFFLINE/INSECURE MODE!
[14:31:07] [Server thread/WARN]: The server will make no attempt to authenticate usernames. Beware.
[14:31:07] [Server thread/WARN]: While this makes the game possible to play without internet access, it also opens up the ability for hackers to connect with any username they choose.
[14:31:07] [Server thread/WARN]: To change this, set "online-mode" to "true" in the server.properties file.
[14:31:07] [Server thread/INFO]: Preparing level "world"
[14:31:09] [Server thread/INFO]: Preparing start region for dimension minecraft:overworld
[14:31:10] [Worker-Main-3/INFO]: Preparing spawn area: 0%
[14:31:10] [Worker-Main-3/INFO]: Preparing spawn area: 0%
[14:31:10] [Server thread/INFO]: Time elapsed: 746 ms
[14:31:10] [Server thread/INFO]: Done (2.849s)! For help, type "help"
[14:31:10] [Server thread/INFO]: ******************************************
[14:31:10] [Server thread/INFO]: 
[14:31:10] [Server thread/INFO]: Loading Geyser version 2.4.2-b656 (git-master-3be9b8a)
[14:31:10] [Server thread/INFO]: 
[14:31:10] [Server thread/INFO]: ******************************************
[14:31:13] [Server thread/INFO]: Started Geyser on UDP port 19132
[14:31:14] [Server thread/INFO]: Done (3.592s)! Run /geyser help for help!
[14:31:14] [Server thread/WARN]: Can't keep up! Is the server overloaded? Running 3625ms or 72 ticks behind
[14:33:53] [nioEventLoopGroup-4-1/INFO]: Player connected with username Pratham9890
[14:33:53] [localSession-7-1/INFO]: Pratham9890 (logged in as: Pratham9890) has connected to the Java server
[14:33:54] [Server thread/INFO]: Pratham9890[/[0:0:0:0:0:0:0:1]:0] logged in with entity id 13 at (10.5, 74.0, 7.5)
[14:33:55] [Server thread/INFO]: Pratham9890 joined the game
[14:34:56] [localSession-7-1/INFO]: Pratham9890 has disconnected from the Java server because of Bedrock client disconnected
[14:34:56] [Server thread/INFO]: Pratham9890 lost connection: Disconnected
[14:34:56] [Server thread/INFO]: Pratham9890 left the game
[14:36:16] [Server thread/INFO]: Shutting down Geyser.
[14:36:16] [Server thread/INFO]: Geyser shutdown successfully.
[14:36:18] [Server thread/INFO]: Stopping server
[14:36:18] [Server thread/INFO]: Saving players
[14:36:18] [Server thread/INFO]: Saving worlds
[14:36:19] [Server thread/INFO]: Saving chunks for level 'ServerLevel[world]'/minecraft:overworld
[14:36:19] [Server thread/INFO]: Saving chunks for level 'ServerLevel[world]'/minecraft:the_nether
[14:36:19] [Server thread/INFO]: Saving chunks for level 'ServerLevel[world]'/minecraft:the_end
[14:36:19] [Server thread/INFO]: ThreadedAnvilChunkStorage (world): All chunks are saved
[14:36:19] [Server thread/INFO]: ThreadedAnvilChunkStorage (DIM-1): All chunks are saved
[14:36:19] [Server thread/INFO]: ThreadedAnvilChunkStorage (DIM1): All chunks are saved
[14:36:19] [Server thread/INFO]: ThreadedAnvilChunkStorage: All dimensions are saved
